===============================
  SERVER MONITORING REPORT
  2026-05-16 15:04:10
===============================

📦 DISK USAGE: 1%
   ✅ Aman

🧠 MEMORY USAGE: 631 MB / 9848 MB (6%)
   ✅ Aman

===============================
  SERVER MONITORING REPORT
  2026-05-16 19:00:08
===============================

📦 DISK USAGE: 1%
   ✅ Aman

🧠 MEMORY USAGE: 648 MB / 9848 MB (6%)
   ✅ Aman

===============================
  SERVER MONITORING REPORT
  2026-05-16 21:00:07
===============================

📦 DISK USAGE: 1%
   ✅ Aman

🧠 MEMORY USAGE: 642 MB / 9848 MB (6%)
   ✅ Aman

